# JRE version: Java(TM) SE Runtime Environment (8.0_162-b12) (build 1.8.0_162-b12)
# Java VM: Java HotSpot(TM) 64-Bit Server VM (25.162-b12 mixed mode windows-amd64 compressed oops)
Heap:
 PSYoungGen      total 285696K, used 60197K [0x00000000d7180000, 0x00000000ea080000, 0x0000000100000000)
  eden space 271872K, 17% used [0x00000000d7180000,0x00000000d9ecb190,0x00000000e7b00000)
  from space 13824K, 99% used [0x00000000e7b00000,0x00000000e887e668,0x00000000e8880000)
  to   space 12800K, 0% used [0x00000000e8880000,0x00000000e8880000,0x00000000e9500000)
 ParOldGen       total 88576K, used 33198K [0x0000000085400000, 0x000000008aa80000, 0x00000000d7180000)
  object space 88576K, 37% used [0x0000000085400000,0x000000008746bad0,0x000000008aa80000)
 Metaspace       used 52281K, capacity 54350K, committed 54656K, reserved 1097728K
  class space    used 6053K, capacity 6415K, committed 6528K, reserved 1048576K
GC Heap History (10 events):
Event: 11.499 GC heap before
{Heap before GC invocations=13 (full 2):
 PSYoungGen      total 178176K, used 4342K [0x00000000d7180000, 0x00000000e5f80000, 0x0000000100000000)
  eden space 168960K, 0% used [0x00000000d7180000,0x00000000d7180000,0x00000000e1680000)
  from space 9216K, 47% used [0x00000000e1680000,0x00000000e1abd890,0x00000000e1f80000)
  to   space 9216K, 0% used [0x00000000e5680000,0x00000000e5680000,0x00000000e5f80000)
 ParOldGen       total 51200K, used 20153K [0x0000000085400000, 0x0000000088600000, 0x00000000d7180000)
  object space 51200K, 39% used [0x0000000085400000,0x00000000867ae7e8,0x0000000088600000)
 Metaspace       used 34368K, capacity 35334K, committed 35496K, reserved 1081344K
  class space    used 4041K, capacity 4261K, committed 4352K, reserved 1048576K
Event: 11.594 GC heap after
Heap after GC invocations=13 (full 2):
 PSYoungGen      total 178176K, used 0K [0x00000000d7180000, 0x00000000e5f80000, 0x0000000100000000)
  eden space 168960K, 0% used [0x00000000d7180000,0x00000000d7180000,0x00000000e1680000)
  from space 9216K, 0% used [0x00000000e1680000,0x00000000e1680000,0x00000000e1f80000)
  to   space 9216K, 0% used [0x00000000e5680000,0x00000000e5680000,0x00000000e5f80000)
 ParOldGen       total 88576K, used 17262K [0x0000000085400000, 0x000000008aa80000, 0x00000000d7180000)
  object space 88576K, 19% used [0x0000000085400000,0x00000000864db938,0x000000008aa80000)
 Metaspace       used 34368K, capacity 35334K, committed 35496K, reserved 1081344K
  class space    used 4041K, capacity 4261K, committed 4352K, reserved 1048576K
}
Event: 14.381 GC heap before
{Heap before GC invocations=14 (full 2):
 PSYoungGen      total 178176K, used 168960K [0x00000000d7180000, 0x00000000e5f80000, 0x0000000100000000)
  eden space 168960K, 100% used [0x00000000d7180000,0x00000000e1680000,0x00000000e1680000)
  from space 9216K, 0% used [0x00000000e1680000,0x00000000e1680000,0x00000000e1f80000)
  to   space 9216K, 0% used [0x00000000e5680000,0x00000000e5680000,0x00000000e5f80000)
 ParOldGen       total 88576K, used 17262K [0x0000000085400000, 0x000000008aa80000, 0x00000000d7180000)
  object space 88576K, 19% used [0x0000000085400000,0x00000000864db938,0x000000008aa80000)
 Metaspace       used 38150K, capacity 39560K, committed 39680K, reserved 1083392K
  class space    used 4495K, capacity 4772K, committed 4864K, reserved 1048576K
Event: 14.403 GC heap after
Heap after GC invocations=14 (full 2):
 PSYoungGen      total 224768K, used 8117K [0x00000000d7180000, 0x00000000e5e80000, 0x0000000100000000)
  eden space 216576K, 0% used [0x00000000d7180000,0x00000000d7180000,0x00000000e4500000)
  from space 8192K, 99% used [0x00000000e5680000,0x00000000e5e6d6f8,0x00000000e5e80000)
  to   space 9728K, 0% used [0x00000000e4b80000,0x00000000e4b80000,0x00000000e5500000)
 ParOldGen       total 88576K, used 17270K [0x0000000085400000, 0x000000008aa80000, 0x00000000d7180000)
  object space 88576K, 19% used [0x0000000085400000,0x00000000864dd938,0x000000008aa80000)
 Metaspace       used 38150K, capacity 39560K, committed 39680K, reserved 1083392K
  class space    used 4495K, capacity 4772K, committed 4864K, reserved 1048576K
}
Event: 19.858 GC heap before
{Heap before GC invocations=15 (full 2):
 PSYoungGen      total 224768K, used 224693K [0x00000000d7180000, 0x00000000e5e80000, 0x0000000100000000)
  eden space 216576K, 100% used [0x00000000d7180000,0x00000000e4500000,0x00000000e4500000)
  from space 8192K, 99% used [0x00000000e5680000,0x00000000e5e6d6f8,0x00000000e5e80000)
  to   space 9728K, 0% used [0x00000000e4b80000,0x00000000e4b80000,0x00000000e5500000)
 ParOldGen       total 88576K, used 17270K [0x0000000085400000, 0x000000008aa80000, 0x00000000d7180000)
  object space 88576K, 19% used [0x0000000085400000,0x00000000864dd938,0x000000008aa80000)
 Metaspace       used 44471K, capacity 46262K, committed 46592K, reserved 1089536K
  class space    used 5234K, capacity 5551K, committed 5632K, reserved 1048576K
Event: 19.892 GC heap after
Heap after GC invocations=15 (full 2):
 PSYoungGen      total 232960K, used 9726K [0x00000000d7180000, 0x00000000e9500000, 0x0000000100000000)
  eden space 223232K, 0% used [0x00000000d7180000,0x00000000d7180000,0x00000000e4b80000)
  from space 9728K, 99% used [0x00000000e4b80000,0x00000000e54ffb30,0x00000000e5500000)
  to   space 12800K, 0% used [0x00000000e8880000,0x00000000e8880000,0x00000000e9500000)
 ParOldGen       total 88576K, used 21748K [0x0000000085400000, 0x000000008aa80000, 0x00000000d7180000)
  object space 88576K, 24% used [0x0000000085400000,0x000000008693d2a0,0x000000008aa80000)
 Metaspace       used 44471K, capacity 46262K, committed 46592K, reserved 1089536K
  class space    used 5234K, capacity 5551K, committed 5632K, reserved 1048576K
}
Event: 24.573 GC heap before
{Heap before GC invocations=16 (full 2):
 PSYoungGen      total 232960K, used 232958K [0x00000000d7180000, 0x00000000e9500000, 0x0000000100000000)
  eden space 223232K, 100% used [0x00000000d7180000,0x00000000e4b80000,0x00000000e4b80000)
  from space 9728K, 99% used [0x00000000e4b80000,0x00000000e54ffb30,0x00000000e5500000)
  to   space 12800K, 0% used [0x00000000e8880000,0x00000000e8880000,0x00000000e9500000)
 ParOldGen       total 88576K, used 21748K [0x0000000085400000, 0x000000008aa80000, 0x00000000d7180000)
  object space 88576K, 24% used [0x0000000085400000,0x000000008693d2a0,0x000000008aa80000)
 Metaspace       used 47710K, capacity 49534K, committed 49664K, reserved 1093632K
  class space    used 5510K, capacity 5831K, committed 5888K, reserved 1048576K
Event: 24.642 GC heap after
Heap after GC invocations=16 (full 2):
 PSYoungGen      total 284672K, used 10878K [0x00000000d7180000, 0x00000000ea080000, 0x0000000100000000)
  eden space 271872K, 0% used [0x00000000d7180000,0x00000000d7180000,0x00000000e7b00000)
  from space 12800K, 84% used [0x00000000e8880000,0x00000000e931fb78,0x00000000e9500000)
  to   space 13824K, 0% used [0x00000000e7b00000,0x00000000e7b00000,0x00000000e8880000)
 ParOldGen       total 88576K, used 29720K [0x0000000085400000, 0x000000008aa80000, 0x00000000d7180000)
  object space 88576K, 33% used [0x0000000085400000,0x00000000871061a0,0x000000008aa80000)
 Metaspace       used 47710K, capacity 49534K, committed 49664K, reserved 1093632K
  class space    used 5510K, capacity 5831K, committed 5888K, reserved 1048576K
}
Event: 29.869 GC heap before
{Heap before GC invocations=17 (full 2):
 PSYoungGen      total 284672K, used 282750K [0x00000000d7180000, 0x00000000ea080000, 0x0000000100000000)
  eden space 271872K, 100% used [0x00000000d7180000,0x00000000e7b00000,0x00000000e7b00000)
  from space 12800K, 84% used [0x00000000e8880000,0x00000000e931fb78,0x00000000e9500000)
  to   space 13824K, 0% used [0x00000000e7b00000,0x00000000e7b00000,0x00000000e8880000)
 ParOldGen       total 88576K, used 29720K [0x0000000085400000, 0x000000008aa80000, 0x00000000d7180000)
  object space 88576K, 33% used [0x0000000085400000,0x00000000871061a0,0x000000008aa80000)
 Metaspace       used 51394K, capacity 53436K, committed 53504K, reserved 1095680K
  class space    used 5974K, capacity 6336K, committed 6400K, reserved 1048576K
Event: 30.204 GC heap after
Heap after GC invocations=17 (full 2):
 PSYoungGen      total 285696K, used 13817K [0x00000000d7180000, 0x00000000ea080000, 0x0000000100000000)
  eden space 271872K, 0% used [0x00000000d7180000,0x00000000d7180000,0x00000000e7b00000)
  from space 13824K, 99% used [0x00000000e7b00000,0x00000000e887e668,0x00000000e8880000)
  to   space 12800K, 0% used [0x00000000e8880000,0x00000000e8880000,0x00000000e9500000)
 ParOldGen       total 88576K, used 33198K [0x0000000085400000, 0x000000008aa80000, 0x00000000d7180000)
  object space 88576K, 37% used [0x0000000085400000,0x000000008746bad0,0x000000008aa80000)
 Metaspace       used 51394K, capacity 53436K, committed 53504K, reserved 1095680K
  class space    used 5974K, capacity 6336K, committed 6400K, reserved 1048576K
}

