# JRE version: Java(TM) SE Runtime Environment (8.0_162-b12) (build 1.8.0_162-b12)
# Java VM: Java HotSpot(TM) 64-Bit Server VM (25.162-b12 mixed mode windows-amd64 compressed oops)
Heap:
 PSYoungGen      total 268800K, used 180755K [0x00000000d7180000, 0x00000000e9000000, 0x0000000100000000)
  eden space 256000K, 66% used [0x00000000d7180000,0x00000000e17dfcb8,0x00000000e6b80000)
  from space 12800K, 81% used [0x00000000e7900000,0x00000000e8325030,0x00000000e8580000)
  to   space 13824K, 0% used [0x00000000e6b80000,0x00000000e6b80000,0x00000000e7900000)
 ParOldGen       total 92160K, used 29107K [0x0000000085400000, 0x000000008ae00000, 0x00000000d7180000)
  object space 92160K, 31% used [0x0000000085400000,0x000000008706ced0,0x000000008ae00000)
 Metaspace       used 51168K, capacity 53148K, committed 53504K, reserved 1095680K
  class space    used 5960K, capacity 6296K, committed 6400K, reserved 1048576K
GC Heap History (10 events):
Event: 10.393 GC heap before
{Heap before GC invocations=12 (full 1):
 PSYoungGen      total 171520K, used 102753K [0x00000000d7180000, 0x00000000e2600000, 0x0000000100000000)
  eden space 165376K, 58% used [0x00000000d7180000,0x00000000dcfdf590,0x00000000e1300000)
  from space 6144K, 99% used [0x00000000e1c00000,0x00000000e21f9070,0x00000000e2200000)
  to   space 9216K, 0% used [0x00000000e1300000,0x00000000e1300000,0x00000000e1c00000)
 ParOldGen       total 52736K, used 14238K [0x0000000085400000, 0x0000000088780000, 0x00000000d7180000)
  object space 52736K, 26% used [0x0000000085400000,0x00000000861e7868,0x0000000088780000)
 Metaspace       used 34358K, capacity 35322K, committed 35496K, reserved 1081344K
  class space    used 4039K, capacity 4261K, committed 4352K, reserved 1048576K
Event: 10.418 GC heap after
Heap after GC invocations=12 (full 1):
 PSYoungGen      total 174592K, used 4241K [0x00000000d7180000, 0x00000000e5680000, 0x0000000100000000)
  eden space 165376K, 0% used [0x00000000d7180000,0x00000000d7180000,0x00000000e1300000)
  from space 9216K, 46% used [0x00000000e1300000,0x00000000e1724740,0x00000000e1c00000)
  to   space 9216K, 0% used [0x00000000e4d80000,0x00000000e4d80000,0x00000000e5680000)
 ParOldGen       total 52736K, used 20126K [0x0000000085400000, 0x0000000088780000, 0x00000000d7180000)
  object space 52736K, 38% used [0x0000000085400000,0x00000000867a7840,0x0000000088780000)
 Metaspace       used 34358K, capacity 35322K, committed 35496K, reserved 1081344K
  class space    used 4039K, capacity 4261K, committed 4352K, reserved 1048576K
}
Event: 10.418 GC heap before
{Heap before GC invocations=13 (full 2):
 PSYoungGen      total 174592K, used 4241K [0x00000000d7180000, 0x00000000e5680000, 0x0000000100000000)
  eden space 165376K, 0% used [0x00000000d7180000,0x00000000d7180000,0x00000000e1300000)
  from space 9216K, 46% used [0x00000000e1300000,0x00000000e1724740,0x00000000e1c00000)
  to   space 9216K, 0% used [0x00000000e4d80000,0x00000000e4d80000,0x00000000e5680000)
 ParOldGen       total 52736K, used 20126K [0x0000000085400000, 0x0000000088780000, 0x00000000d7180000)
  object space 52736K, 38% used [0x0000000085400000,0x00000000867a7840,0x0000000088780000)
 Metaspace       used 34358K, capacity 35322K, committed 35496K, reserved 1081344K
  class space    used 4039K, capacity 4261K, committed 4352K, reserved 1048576K
Event: 10.536 GC heap after
Heap after GC invocations=13 (full 2):
 PSYoungGen      total 174592K, used 0K [0x00000000d7180000, 0x00000000e5680000, 0x0000000100000000)
  eden space 165376K, 0% used [0x00000000d7180000,0x00000000d7180000,0x00000000e1300000)
  from space 9216K, 0% used [0x00000000e1300000,0x00000000e1300000,0x00000000e1c00000)
  to   space 9216K, 0% used [0x00000000e4d80000,0x00000000e4d80000,0x00000000e5680000)
 ParOldGen       total 92160K, used 17317K [0x0000000085400000, 0x000000008ae00000, 0x00000000d7180000)
  object space 92160K, 18% used [0x0000000085400000,0x00000000864e9450,0x000000008ae00000)
 Metaspace       used 34358K, capacity 35322K, committed 35496K, reserved 1081344K
  class space    used 4039K, capacity 4261K, committed 4352K, reserved 1048576K
}
Event: 13.489 GC heap before
{Heap before GC invocations=14 (full 2):
 PSYoungGen      total 174592K, used 165376K [0x00000000d7180000, 0x00000000e5680000, 0x0000000100000000)
  eden space 165376K, 100% used [0x00000000d7180000,0x00000000e1300000,0x00000000e1300000)
  from space 9216K, 0% used [0x00000000e1300000,0x00000000e1300000,0x00000000e1c00000)
  to   space 9216K, 0% used [0x00000000e4d80000,0x00000000e4d80000,0x00000000e5680000)
 ParOldGen       total 92160K, used 17317K [0x0000000085400000, 0x000000008ae00000, 0x00000000d7180000)
  object space 92160K, 18% used [0x0000000085400000,0x00000000864e9450,0x000000008ae00000)
 Metaspace       used 38030K, capacity 39484K, committed 39680K, reserved 1083392K
  class space    used 4484K, capacity 4772K, committed 4864K, reserved 1048576K
Event: 13.510 GC heap after
Heap after GC invocations=14 (full 2):
 PSYoungGen      total 216576K, used 7855K [0x00000000d7180000, 0x00000000e5580000, 0x0000000100000000)
  eden space 208384K, 0% used [0x00000000d7180000,0x00000000d7180000,0x00000000e3d00000)
  from space 8192K, 95% used [0x00000000e4d80000,0x00000000e552be48,0x00000000e5580000)
  to   space 9728K, 0% used [0x00000000e4280000,0x00000000e4280000,0x00000000e4c00000)
 ParOldGen       total 92160K, used 17325K [0x0000000085400000, 0x000000008ae00000, 0x00000000d7180000)
  object space 92160K, 18% used [0x0000000085400000,0x00000000864eb450,0x000000008ae00000)
 Metaspace       used 38030K, capacity 39484K, committed 39680K, reserved 1083392K
  class space    used 4484K, capacity 4772K, committed 4864K, reserved 1048576K
}
Event: 18.382 GC heap before
{Heap before GC invocations=15 (full 2):
 PSYoungGen      total 216576K, used 216239K [0x00000000d7180000, 0x00000000e5580000, 0x0000000100000000)
  eden space 208384K, 100% used [0x00000000d7180000,0x00000000e3d00000,0x00000000e3d00000)
  from space 8192K, 95% used [0x00000000e4d80000,0x00000000e552be48,0x00000000e5580000)
  to   space 9728K, 0% used [0x00000000e4280000,0x00000000e4280000,0x00000000e4c00000)
 ParOldGen       total 92160K, used 17325K [0x0000000085400000, 0x000000008ae00000, 0x00000000d7180000)
  object space 92160K, 18% used [0x0000000085400000,0x00000000864eb450,0x000000008ae00000)
 Metaspace       used 44438K, capacity 46250K, committed 46336K, reserved 1089536K
  class space    used 5234K, capacity 5551K, committed 5632K, reserved 1048576K
Event: 18.405 GC heap after
Heap after GC invocations=15 (full 2):
 PSYoungGen      total 223744K, used 9696K [0x00000000d7180000, 0x00000000e8580000, 0x0000000100000000)
  eden space 214016K, 0% used [0x00000000d7180000,0x00000000d7180000,0x00000000e4280000)
  from space 9728K, 99% used [0x00000000e4280000,0x00000000e4bf8008,0x00000000e4c00000)
  to   space 12800K, 0% used [0x00000000e7900000,0x00000000e7900000,0x00000000e8580000)
 ParOldGen       total 92160K, used 21431K [0x0000000085400000, 0x000000008ae00000, 0x00000000d7180000)
  object space 92160K, 23% used [0x0000000085400000,0x00000000868edff0,0x000000008ae00000)
 Metaspace       used 44438K, capacity 46250K, committed 46336K, reserved 1089536K
  class space    used 5234K, capacity 5551K, committed 5632K, reserved 1048576K
}
Event: 21.985 GC heap before
{Heap before GC invocations=16 (full 2):
 PSYoungGen      total 223744K, used 223712K [0x00000000d7180000, 0x00000000e8580000, 0x0000000100000000)
  eden space 214016K, 100% used [0x00000000d7180000,0x00000000e4280000,0x00000000e4280000)
  from space 9728K, 99% used [0x00000000e4280000,0x00000000e4bf8008,0x00000000e4c00000)
  to   space 12800K, 0% used [0x00000000e7900000,0x00000000e7900000,0x00000000e8580000)
 ParOldGen       total 92160K, used 21431K [0x0000000085400000, 0x000000008ae00000, 0x00000000d7180000)
  object space 92160K, 23% used [0x0000000085400000,0x00000000868edff0,0x000000008ae00000)
 Metaspace       used 47603K, capacity 49450K, committed 49664K, reserved 1093632K
  class space    used 5501K, capacity 5829K, committed 5888K, reserved 1048576K
Event: 22.046 GC heap after
Heap after GC invocations=16 (full 2):
 PSYoungGen      total 268800K, used 10388K [0x00000000d7180000, 0x00000000e9000000, 0x0000000100000000)
  eden space 256000K, 0% used [0x00000000d7180000,0x00000000d7180000,0x00000000e6b80000)
  from space 12800K, 81% used [0x00000000e7900000,0x00000000e8325030,0x00000000e8580000)
  to   space 13824K, 0% used [0x00000000e6b80000,0x00000000e6b80000,0x00000000e7900000)
 ParOldGen       total 92160K, used 29107K [0x0000000085400000, 0x000000008ae00000, 0x00000000d7180000)
  object space 92160K, 31% used [0x0000000085400000,0x000000008706ced0,0x000000008ae00000)
 Metaspace       used 47603K, capacity 49450K, committed 49664K, reserved 1093632K
  class space    used 5501K, capacity 5829K, committed 5888K, reserved 1048576K
}

