# JRE version: Java(TM) SE Runtime Environment (8.0_162-b12) (build 1.8.0_162-b12)
# Java VM: Java HotSpot(TM) 64-Bit Server VM (25.162-b12 mixed mode windows-amd64 compressed oops)
Heap:
 PSYoungGen      total 126464K, used 13451K [0x00000000d7180000, 0x00000000df580000, 0x0000000100000000)
  eden space 117760K, 11% used [0x00000000d7180000,0x00000000d7ea2f00,0x00000000de480000)
  from space 8704K, 0% used [0x00000000de480000,0x00000000de480000,0x00000000ded00000)
  to   space 7680K, 0% used [0x00000000dee00000,0x00000000dee00000,0x00000000df580000)
 ParOldGen       total 48640K, used 16068K [0x0000000085400000, 0x0000000088380000, 0x00000000d7180000)
  object space 48640K, 33% used [0x0000000085400000,0x00000000863b11a0,0x0000000088380000)
 Metaspace       used 34713K, capacity 35716K, committed 36008K, reserved 1081344K
  class space    used 4078K, capacity 4298K, committed 4352K, reserved 1048576K
GC Heap History (10 events):
Event: 7.018 GC heap before
{Heap before GC invocations=11 (full 1):
 PSYoungGen      total 67072K, used 64459K [0x00000000d7180000, 0x00000000dd480000, 0x0000000100000000)
  eden space 61952K, 100% used [0x00000000d7180000,0x00000000dae00000,0x00000000dae00000)
  from space 5120K, 48% used [0x00000000dae00000,0x00000000db072e50,0x00000000db300000)
  to   space 7168K, 0% used [0x00000000dcd80000,0x00000000dcd80000,0x00000000dd480000)
 ParOldGen       total 48640K, used 5263K [0x0000000085400000, 0x0000000088380000, 0x00000000d7180000)
  object space 48640K, 10% used [0x0000000085400000,0x0000000085923ca8,0x0000000088380000)
 Metaspace       used 25337K, capacity 26030K, committed 26240K, reserved 1073152K
  class space    used 2942K, capacity 3109K, committed 3200K, reserved 1048576K
Event: 7.031 GC heap after
Heap after GC invocations=11 (full 1):
 PSYoungGen      total 92160K, used 4351K [0x00000000d7180000, 0x00000000dd380000, 0x0000000100000000)
  eden space 86016K, 0% used [0x00000000d7180000,0x00000000d7180000,0x00000000dc580000)
  from space 6144K, 70% used [0x00000000dcd80000,0x00000000dd1bfd58,0x00000000dd380000)
  to   space 7168K, 0% used [0x00000000dc580000,0x00000000dc580000,0x00000000dcc80000)
 ParOldGen       total 48640K, used 5263K [0x0000000085400000, 0x0000000088380000, 0x00000000d7180000)
  object space 48640K, 10% used [0x0000000085400000,0x0000000085923ca8,0x0000000088380000)
 Metaspace       used 25337K, capacity 26030K, committed 26240K, reserved 1073152K
  class space    used 2942K, capacity 3109K, committed 3200K, reserved 1048576K
}
Event: 8.366 GC heap before
{Heap before GC invocations=12 (full 1):
 PSYoungGen      total 92160K, used 90367K [0x00000000d7180000, 0x00000000dd380000, 0x0000000100000000)
  eden space 86016K, 100% used [0x00000000d7180000,0x00000000dc580000,0x00000000dc580000)
  from space 6144K, 70% used [0x00000000dcd80000,0x00000000dd1bfd58,0x00000000dd380000)
  to   space 7168K, 0% used [0x00000000dc580000,0x00000000dc580000,0x00000000dcc80000)
 ParOldGen       total 48640K, used 5263K [0x0000000085400000, 0x0000000088380000, 0x00000000d7180000)
  object space 48640K, 10% used [0x0000000085400000,0x0000000085923ca8,0x0000000088380000)
 Metaspace       used 29890K, capacity 30726K, committed 30976K, reserved 1077248K
  class space    used 3524K, capacity 3725K, committed 3840K, reserved 1048576K
Event: 8.396 GC heap after
Heap after GC invocations=12 (full 1):
 PSYoungGen      total 93184K, used 7138K [0x00000000d7180000, 0x00000000df680000, 0x0000000100000000)
  eden space 86016K, 0% used [0x00000000d7180000,0x00000000d7180000,0x00000000dc580000)
  from space 7168K, 99% used [0x00000000dc580000,0x00000000dcc78b00,0x00000000dcc80000)
  to   space 8704K, 0% used [0x00000000dee00000,0x00000000dee00000,0x00000000df680000)
 ParOldGen       total 48640K, used 7632K [0x0000000085400000, 0x0000000088380000, 0x00000000d7180000)
  object space 48640K, 15% used [0x0000000085400000,0x0000000085b741d0,0x0000000088380000)
 Metaspace       used 29890K, capacity 30726K, committed 30976K, reserved 1077248K
  class space    used 3524K, capacity 3725K, committed 3840K, reserved 1048576K
}
Event: 9.636 GC heap before
{Heap before GC invocations=13 (full 1):
 PSYoungGen      total 93184K, used 93154K [0x00000000d7180000, 0x00000000df680000, 0x0000000100000000)
  eden space 86016K, 100% used [0x00000000d7180000,0x00000000dc580000,0x00000000dc580000)
  from space 7168K, 99% used [0x00000000dc580000,0x00000000dcc78b00,0x00000000dcc80000)
  to   space 8704K, 0% used [0x00000000dee00000,0x00000000dee00000,0x00000000df680000)
 ParOldGen       total 48640K, used 7632K [0x0000000085400000, 0x0000000088380000, 0x00000000d7180000)
  object space 48640K, 15% used [0x0000000085400000,0x0000000085b741d0,0x0000000088380000)
 Metaspace       used 32850K, capacity 33760K, committed 33920K, reserved 1079296K
  class space    used 3877K, capacity 4104K, committed 4224K, reserved 1048576K
Event: 9.654 GC heap after
Heap after GC invocations=13 (full 1):
 PSYoungGen      total 125440K, used 5640K [0x00000000d7180000, 0x00000000df580000, 0x0000000100000000)
  eden space 117760K, 0% used [0x00000000d7180000,0x00000000d7180000,0x00000000de480000)
  from space 7680K, 73% used [0x00000000dee00000,0x00000000df382340,0x00000000df580000)
  to   space 8704K, 0% used [0x00000000de480000,0x00000000de480000,0x00000000ded00000)
 ParOldGen       total 48640K, used 12392K [0x0000000085400000, 0x0000000088380000, 0x00000000d7180000)
  object space 48640K, 25% used [0x0000000085400000,0x000000008601a268,0x0000000088380000)
 Metaspace       used 32850K, capacity 33760K, committed 33920K, reserved 1079296K
  class space    used 3877K, capacity 4104K, committed 4224K, reserved 1048576K
}
Event: 10.446 GC heap before
{Heap before GC invocations=14 (full 1):
 PSYoungGen      total 125440K, used 59600K [0x00000000d7180000, 0x00000000df580000, 0x0000000100000000)
  eden space 117760K, 45% used [0x00000000d7180000,0x00000000da631ea8,0x00000000de480000)
  from space 7680K, 73% used [0x00000000dee00000,0x00000000df382340,0x00000000df580000)
  to   space 8704K, 0% used [0x00000000de480000,0x00000000de480000,0x00000000ded00000)
 ParOldGen       total 48640K, used 12392K [0x0000000085400000, 0x0000000088380000, 0x00000000d7180000)
  object space 48640K, 25% used [0x0000000085400000,0x000000008601a268,0x0000000088380000)
 Metaspace       used 34366K, capacity 35326K, committed 35496K, reserved 1081344K
  class space    used 4040K, capacity 4261K, committed 4352K, reserved 1048576K
Event: 10.458 GC heap after
Heap after GC invocations=14 (full 1):
 PSYoungGen      total 126464K, used 2442K [0x00000000d7180000, 0x00000000df580000, 0x0000000100000000)
  eden space 117760K, 0% used [0x00000000d7180000,0x00000000d7180000,0x00000000de480000)
  from space 8704K, 28% used [0x00000000de480000,0x00000000de6e2b70,0x00000000ded00000)
  to   space 7680K, 0% used [0x00000000dee00000,0x00000000dee00000,0x00000000df580000)
 ParOldGen       total 48640K, used 15378K [0x0000000085400000, 0x0000000088380000, 0x00000000d7180000)
  object space 48640K, 31% used [0x0000000085400000,0x0000000086304988,0x0000000088380000)
 Metaspace       used 34366K, capacity 35326K, committed 35496K, reserved 1081344K
  class space    used 4040K, capacity 4261K, committed 4352K, reserved 1048576K
}
Event: 10.458 GC heap before
{Heap before GC invocations=15 (full 2):
 PSYoungGen      total 126464K, used 2442K [0x00000000d7180000, 0x00000000df580000, 0x0000000100000000)
  eden space 117760K, 0% used [0x00000000d7180000,0x00000000d7180000,0x00000000de480000)
  from space 8704K, 28% used [0x00000000de480000,0x00000000de6e2b70,0x00000000ded00000)
  to   space 7680K, 0% used [0x00000000dee00000,0x00000000dee00000,0x00000000df580000)
 ParOldGen       total 48640K, used 15378K [0x0000000085400000, 0x0000000088380000, 0x00000000d7180000)
  object space 48640K, 31% used [0x0000000085400000,0x0000000086304988,0x0000000088380000)
 Metaspace       used 34366K, capacity 35326K, committed 35496K, reserved 1081344K
  class space    used 4040K, capacity 4261K, committed 4352K, reserved 1048576K
Event: 10.651 GC heap after
Heap after GC invocations=15 (full 2):
 PSYoungGen      total 126464K, used 0K [0x00000000d7180000, 0x00000000df580000, 0x0000000100000000)
  eden space 117760K, 0% used [0x00000000d7180000,0x00000000d7180000,0x00000000de480000)
  from space 8704K, 0% used [0x00000000de480000,0x00000000de480000,0x00000000ded00000)
  to   space 7680K, 0% used [0x00000000dee00000,0x00000000dee00000,0x00000000df580000)
 ParOldGen       total 48640K, used 16068K [0x0000000085400000, 0x0000000088380000, 0x00000000d7180000)
  object space 48640K, 33% used [0x0000000085400000,0x00000000863b11a0,0x0000000088380000)
 Metaspace       used 34366K, capacity 35326K, committed 35496K, reserved 1081344K
  class space    used 4040K, capacity 4261K, committed 4352K, reserved 1048576K
}

